# JRE version: OpenJDK Runtime Environment (8.0_76-b216) (build 1.8.0_76-release-b216)
# Java VM: OpenJDK 64-Bit Server VM (25.76-b216 mixed mode linux-amd64 compressed oops)
Heap:
 par new generation   total 230400K, used 136341K [0x00000000d1200000, 0x00000000e0c00000, 0x00000000e0c00000)
  eden space 204800K,  54% used [0x00000000d1200000, 0x00000000d7e25608, 0x00000000dda00000)
  from space 25600K, 100% used [0x00000000df300000, 0x00000000e0c00000, 0x00000000e0c00000)
  to   space 25600K,   0% used [0x00000000dda00000, 0x00000000dda00000, 0x00000000df300000)
 concurrent mark-sweep generation total 512000K, used 332486K [0x00000000e0c00000, 0x0000000100000000, 0x0000000100000000)
 Metaspace       used 158865K, capacity 167174K, committed 167312K, reserved 1193984K
  class space    used 21044K, capacity 22957K, committed 23068K, reserved 1048576K
GC Heap History (10 events):
Event: 4704.597 GC heap before
{Heap before GC invocations=423 (full 66):
 par new generation   total 230400K, used 230400K [0x00000000d1200000, 0x00000000e0c00000, 0x00000000e0c00000)
  eden space 204800K, 100% used [0x00000000d1200000, 0x00000000dda00000, 0x00000000dda00000)
  from space 25600K, 100% used [0x00000000dda00000, 0x00000000df300000, 0x00000000df300000)
  to   space 25600K,   0% used [0x00000000df300000, 0x00000000df300000, 0x00000000e0c00000)
 concurrent mark-sweep generation total 512000K, used 331451K [0x00000000e0c00000, 0x0000000100000000, 0x0000000100000000)
 Metaspace       used 156403K, capacity 164414K, committed 164496K, reserved 1191936K
  class space    used 20759K, capacity 22529K, committed 22556K, reserved 1048576K
Event: 4704.681 GC heap after
Heap after GC invocations=424 (full 66):
 par new generation   total 230400K, used 25600K [0x00000000d1200000, 0x00000000e0c00000, 0x00000000e0c00000)
  eden space 204800K,   0% used [0x00000000d1200000, 0x00000000d1200000, 0x00000000dda00000)
  from space 25600K, 100% used [0x00000000df300000, 0x00000000e0c00000, 0x00000000e0c00000)
  to   space 25600K,   0% used [0x00000000dda00000, 0x00000000dda00000, 0x00000000df300000)
 concurrent mark-sweep generation total 512000K, used 357339K [0x00000000e0c00000, 0x0000000100000000, 0x0000000100000000)
 Metaspace       used 156403K, capacity 164414K, committed 164496K, reserved 1191936K
  class space    used 20759K, capacity 22529K, committed 22556K, reserved 1048576K
}
Event: 4839.960 GC heap before
{Heap before GC invocations=424 (full 66):
 par new generation   total 230400K, used 230400K [0x00000000d1200000, 0x00000000e0c00000, 0x00000000e0c00000)
  eden space 204800K, 100% used [0x00000000d1200000, 0x00000000dda00000, 0x00000000dda00000)
  from space 25600K, 100% used [0x00000000df300000, 0x00000000e0c00000, 0x00000000e0c00000)
  to   space 25600K,   0% used [0x00000000dda00000, 0x00000000dda00000, 0x00000000df300000)
 concurrent mark-sweep generation total 512000K, used 321348K [0x00000000e0c00000, 0x0000000100000000, 0x0000000100000000)
 Metaspace       used 156440K, capacity 164430K, committed 164496K, reserved 1191936K
  class space    used 20760K, capacity 22531K, committed 22556K, reserved 1048576K
Event: 4839.986 GC heap after
Heap after GC invocations=425 (full 66):
 par new generation   total 230400K, used 19015K [0x00000000d1200000, 0x00000000e0c00000, 0x00000000e0c00000)
  eden space 204800K,   0% used [0x00000000d1200000, 0x00000000d1200000, 0x00000000dda00000)
  from space 25600K,  74% used [0x00000000dda00000, 0x00000000dec91fa0, 0x00000000df300000)
  to   space 25600K,   0% used [0x00000000df300000, 0x00000000df300000, 0x00000000e0c00000)
 concurrent mark-sweep generation total 512000K, used 321348K [0x00000000e0c00000, 0x0000000100000000, 0x0000000100000000)
 Metaspace       used 156440K, capacity 164430K, committed 164496K, reserved 1191936K
  class space    used 20760K, capacity 22531K, committed 22556K, reserved 1048576K
}
Event: 4927.095 GC heap before
{Heap before GC invocations=425 (full 66):
 par new generation   total 230400K, used 223815K [0x00000000d1200000, 0x00000000e0c00000, 0x00000000e0c00000)
  eden space 204800K, 100% used [0x00000000d1200000, 0x00000000dda00000, 0x00000000dda00000)
  from space 25600K,  74% used [0x00000000dda00000, 0x00000000dec91fa0, 0x00000000df300000)
  to   space 25600K,   0% used [0x00000000df300000, 0x00000000df300000, 0x00000000e0c00000)
 concurrent mark-sweep generation total 512000K, used 321348K [0x00000000e0c00000, 0x0000000100000000, 0x0000000100000000)
 Metaspace       used 156440K, capacity 164430K, committed 164496K, reserved 1191936K
  class space    used 20760K, capacity 22531K, committed 22556K, reserved 1048576K
Event: 4927.132 GC heap after
Heap after GC invocations=426 (full 66):
 par new generation   total 230400K, used 19575K [0x00000000d1200000, 0x00000000e0c00000, 0x00000000e0c00000)
  eden space 204800K,   0% used [0x00000000d1200000, 0x00000000d1200000, 0x00000000dda00000)
  from space 25600K,  76% used [0x00000000df300000, 0x00000000e061dcc0, 0x00000000e0c00000)
  to   space 25600K,   0% used [0x00000000dda00000, 0x00000000dda00000, 0x00000000df300000)
 concurrent mark-sweep generation total 512000K, used 328572K [0x00000000e0c00000, 0x0000000100000000, 0x0000000100000000)
 Metaspace       used 156440K, capacity 164430K, committed 164496K, reserved 1191936K
  class space    used 20760K, capacity 22531K, committed 22556K, reserved 1048576K
}
Event: 5011.858 GC heap before
{Heap before GC invocations=426 (full 66):
 par new generation   total 230400K, used 224375K [0x00000000d1200000, 0x00000000e0c00000, 0x00000000e0c00000)
  eden space 204800K, 100% used [0x00000000d1200000, 0x00000000dda00000, 0x00000000dda00000)
  from space 25600K,  76% used [0x00000000df300000, 0x00000000e061dcc0, 0x00000000e0c00000)
  to   space 25600K,   0% used [0x00000000dda00000, 0x00000000dda00000, 0x00000000df300000)
 concurrent mark-sweep generation total 512000K, used 328572K [0x00000000e0c00000, 0x0000000100000000, 0x0000000100000000)
 Metaspace       used 156597K, capacity 164604K, committed 164752K, reserved 1191936K
  class space    used 20781K, capacity 22540K, committed 22556K, reserved 1048576K
Event: 5011.879 GC heap after
Heap after GC invocations=427 (full 66):
 par new generation   total 230400K, used 18314K [0x00000000d1200000, 0x00000000e0c00000, 0x00000000e0c00000)
  eden space 204800K,   0% used [0x00000000d1200000, 0x00000000d1200000, 0x00000000dda00000)
  from space 25600K,  71% used [0x00000000dda00000, 0x00000000debe2830, 0x00000000df300000)
  to   space 25600K,   0% used [0x00000000df300000, 0x00000000df300000, 0x00000000e0c00000)
 concurrent mark-sweep generation total 512000K, used 332297K [0x00000000e0c00000, 0x0000000100000000, 0x0000000100000000)
 Metaspace       used 156597K, capacity 164604K, committed 164752K, reserved 1191936K
  class space    used 20781K, capacity 22540K, committed 22556K, reserved 1048576K
}
Event: 5040.352 GC heap before
{Heap before GC invocations=427 (full 66):
 par new generation   total 230400K, used 223114K [0x00000000d1200000, 0x00000000e0c00000, 0x00000000e0c00000)
  eden space 204800K, 100% used [0x00000000d1200000, 0x00000000dda00000, 0x00000000dda00000)
  from space 25600K,  71% used [0x00000000dda00000, 0x00000000debe2830, 0x00000000df300000)
  to   space 25600K,   0% used [0x00000000df300000, 0x00000000df300000, 0x00000000e0c00000)
 concurrent mark-sweep generation total 512000K, used 332297K [0x00000000e0c00000, 0x0000000100000000, 0x0000000100000000)
 Metaspace       used 156794K, capacity 164794K, committed 165136K, reserved 1191936K
  class space    used 20792K, capacity 22561K, committed 22684K, reserved 1048576K
Event: 5040.371 GC heap after
Heap after GC invocations=428 (full 66):
 par new generation   total 230400K, used 25600K [0x00000000d1200000, 0x00000000e0c00000, 0x00000000e0c00000)
  eden space 204800K,   0% used [0x00000000d1200000, 0x00000000d1200000, 0x00000000dda00000)
  from space 25600K, 100% used [0x00000000df300000, 0x00000000e0c00000, 0x00000000e0c00000)
  to   space 25600K,   0% used [0x00000000dda00000, 0x00000000dda00000, 0x00000000df300000)
 concurrent mark-sweep generation total 512000K, used 332486K [0x00000000e0c00000, 0x0000000100000000, 0x0000000100000000)
 Metaspace       used 156794K, capacity 164794K, committed 165136K, reserved 1191936K
  class space    used 20792K, capacity 22561K, committed 22684K, reserved 1048576K
}

